ARM GAS  C:\Users\hasee\AppData\Local\Temp\ccJy0alN.s 			page 1


   1              		.cpu cortex-m3
   2              		.arch armv7-m
   3              		.fpu softvfp
   4              		.eabi_attribute 20, 1
   5              		.eabi_attribute 21, 1
   6              		.eabi_attribute 23, 3
   7              		.eabi_attribute 24, 1
   8              		.eabi_attribute 25, 1
   9              		.eabi_attribute 26, 1
  10              		.eabi_attribute 30, 1
  11              		.eabi_attribute 34, 1
  12              		.eabi_attribute 18, 4
  13              		.file	"main.c"
  14              		.text
  15              	.Ltext0:
  16              		.cfi_sections	.debug_frame
  17              		.section	.text.MX_GPIO_Init,"ax",%progbits
  18              		.align	1
  19              		.syntax unified
  20              		.thumb
  21              		.thumb_func
  23              	MX_GPIO_Init:
  24              	.LFB71:
  25              		.file 1 "Core/Src/main.c"
   1:Core/Src/main.c **** /* USER CODE BEGIN Header */
   2:Core/Src/main.c **** /**
   3:Core/Src/main.c ****  ******************************************************************************
   4:Core/Src/main.c ****  * @file           : main.c
   5:Core/Src/main.c ****  * @brief          : Main program body
   6:Core/Src/main.c ****  ******************************************************************************
   7:Core/Src/main.c ****  * @attention
   8:Core/Src/main.c ****  *
   9:Core/Src/main.c ****  * Copyright (c) 2022 STMicroelectronics.
  10:Core/Src/main.c ****  * All rights reserved.
  11:Core/Src/main.c ****  *
  12:Core/Src/main.c ****  * This software is licensed under terms that can be found in the LICENSE file
  13:Core/Src/main.c ****  * in the root directory of this software component.
  14:Core/Src/main.c ****  * If no LICENSE file comes with this software, it is provided AS-IS.
  15:Core/Src/main.c ****  *
  16:Core/Src/main.c ****  ******************************************************************************
  17:Core/Src/main.c ****  */
  18:Core/Src/main.c **** /* USER CODE END Header */
  19:Core/Src/main.c **** /* Includes ------------------------------------------------------------------*/
  20:Core/Src/main.c **** #include "main.h"
  21:Core/Src/main.c **** 
  22:Core/Src/main.c **** /* Private includes ----------------------------------------------------------*/
  23:Core/Src/main.c **** /* USER CODE BEGIN Includes */
  24:Core/Src/main.c **** #include <string.h>
  25:Core/Src/main.c **** /* USER CODE END Includes */
  26:Core/Src/main.c **** 
  27:Core/Src/main.c **** /* Private typedef -----------------------------------------------------------*/
  28:Core/Src/main.c **** /* USER CODE BEGIN PTD */
  29:Core/Src/main.c **** 
  30:Core/Src/main.c **** /* USER CODE END PTD */
  31:Core/Src/main.c **** 
  32:Core/Src/main.c **** /* Private define ------------------------------------------------------------*/
  33:Core/Src/main.c **** /* USER CODE BEGIN PD */
ARM GAS  C:\Users\hasee\AppData\Local\Temp\ccJy0alN.s 			page 2


  34:Core/Src/main.c **** /* USER CODE END PD */
  35:Core/Src/main.c **** 
  36:Core/Src/main.c **** /* Private macro -------------------------------------------------------------*/
  37:Core/Src/main.c **** /* USER CODE BEGIN PM */
  38:Core/Src/main.c **** 
  39:Core/Src/main.c **** /* USER CODE END PM */
  40:Core/Src/main.c **** 
  41:Core/Src/main.c **** /* Private variables ---------------------------------------------------------*/
  42:Core/Src/main.c **** TIM_HandleTypeDef htim2;
  43:Core/Src/main.c **** 
  44:Core/Src/main.c **** UART_HandleTypeDef huart1;
  45:Core/Src/main.c **** 
  46:Core/Src/main.c **** /* USER CODE BEGIN PV */
  47:Core/Src/main.c **** 
  48:Core/Src/main.c **** /* USER CODE END PV */
  49:Core/Src/main.c **** 
  50:Core/Src/main.c **** /* Private function prototypes -----------------------------------------------*/
  51:Core/Src/main.c **** void SystemClock_Config(void);
  52:Core/Src/main.c **** static void MX_GPIO_Init(void);
  53:Core/Src/main.c **** static void MX_USART1_UART_Init(void);
  54:Core/Src/main.c **** static void MX_TIM2_Init(void);
  55:Core/Src/main.c **** /* USER CODE BEGIN PFP */
  56:Core/Src/main.c **** void HAL_TIM_PeriodElapsedCallback(TIM_HandleTypeDef *htim)
  57:Core/Src/main.c **** {
  58:Core/Src/main.c ****   if (htim->Instance == TIM2)
  59:Core/Src/main.c ****   {
  60:Core/Src/main.c ****     HAL_GPIO_TogglePin(GPIOC, GPIO_PIN_13);
  61:Core/Src/main.c ****   }
  62:Core/Src/main.c **** }
  63:Core/Src/main.c **** /* USER CODE END PFP */
  64:Core/Src/main.c **** 
  65:Core/Src/main.c **** /* Private user code ---------------------------------------------------------*/
  66:Core/Src/main.c **** /* USER CODE BEGIN 0 */
  67:Core/Src/main.c **** 
  68:Core/Src/main.c **** void Car_Run(int l, int r)
  69:Core/Src/main.c **** {
  70:Core/Src/main.c ****   if (l == 1)
  71:Core/Src/main.c ****   {
  72:Core/Src/main.c ****     HAL_GPIO_WritePin(GPIOB, GPIO_PIN_12, GPIO_PIN_RESET);
  73:Core/Src/main.c ****     HAL_GPIO_WritePin(GPIOB, GPIO_PIN_13, GPIO_PIN_SET);
  74:Core/Src/main.c ****   }
  75:Core/Src/main.c ****   else if (l == 0)
  76:Core/Src/main.c ****   {
  77:Core/Src/main.c ****     HAL_GPIO_WritePin(GPIOB, GPIO_PIN_12, GPIO_PIN_SET);
  78:Core/Src/main.c ****     HAL_GPIO_WritePin(GPIOB, GPIO_PIN_13, GPIO_PIN_RESET);
  79:Core/Src/main.c ****   }
  80:Core/Src/main.c ****   else
  81:Core/Src/main.c ****   {
  82:Core/Src/main.c ****     HAL_GPIO_WritePin(GPIOB, GPIO_PIN_12, GPIO_PIN_SET);
  83:Core/Src/main.c ****     HAL_GPIO_WritePin(GPIOB, GPIO_PIN_13, GPIO_PIN_SET);
  84:Core/Src/main.c ****   }
  85:Core/Src/main.c ****   if (r == 1)
  86:Core/Src/main.c ****   {
  87:Core/Src/main.c ****     HAL_GPIO_WritePin(GPIOB, GPIO_PIN_14, GPIO_PIN_RESET);
  88:Core/Src/main.c ****     HAL_GPIO_WritePin(GPIOB, GPIO_PIN_15, GPIO_PIN_SET);
  89:Core/Src/main.c ****   }
  90:Core/Src/main.c ****   else if (r == 0)
ARM GAS  C:\Users\hasee\AppData\Local\Temp\ccJy0alN.s 			page 3


  91:Core/Src/main.c ****   {
  92:Core/Src/main.c ****     HAL_GPIO_WritePin(GPIOB, GPIO_PIN_14, GPIO_PIN_SET);
  93:Core/Src/main.c ****     HAL_GPIO_WritePin(GPIOB, GPIO_PIN_15, GPIO_PIN_RESET);
  94:Core/Src/main.c ****   }
  95:Core/Src/main.c ****   else
  96:Core/Src/main.c ****   {
  97:Core/Src/main.c ****     HAL_GPIO_WritePin(GPIOB, GPIO_PIN_14, GPIO_PIN_SET);
  98:Core/Src/main.c ****     HAL_GPIO_WritePin(GPIOB, GPIO_PIN_15, GPIO_PIN_SET);
  99:Core/Src/main.c ****   }
 100:Core/Src/main.c **** }
 101:Core/Src/main.c **** /* USER CODE END 0 */
 102:Core/Src/main.c **** 
 103:Core/Src/main.c **** /**
 104:Core/Src/main.c ****   * @brief  The application entry point.
 105:Core/Src/main.c ****   * @retval int
 106:Core/Src/main.c ****   */
 107:Core/Src/main.c **** int main(void)
 108:Core/Src/main.c **** {
 109:Core/Src/main.c ****   /* USER CODE BEGIN 1 */
 110:Core/Src/main.c **** 
 111:Core/Src/main.c ****   /* USER CODE END 1 */
 112:Core/Src/main.c **** 
 113:Core/Src/main.c ****   /* MCU Configuration--------------------------------------------------------*/
 114:Core/Src/main.c **** 
 115:Core/Src/main.c ****   /* Reset of all peripherals, Initializes the Flash interface and the Systick. */
 116:Core/Src/main.c ****   HAL_Init();
 117:Core/Src/main.c **** 
 118:Core/Src/main.c ****   /* USER CODE BEGIN Init */
 119:Core/Src/main.c **** 
 120:Core/Src/main.c ****   /* USER CODE END Init */
 121:Core/Src/main.c **** 
 122:Core/Src/main.c ****   /* Configure the system clock */
 123:Core/Src/main.c ****   SystemClock_Config();
 124:Core/Src/main.c **** 
 125:Core/Src/main.c ****   /* USER CODE BEGIN SysInit */
 126:Core/Src/main.c **** 
 127:Core/Src/main.c ****   /* USER CODE END SysInit */
 128:Core/Src/main.c **** 
 129:Core/Src/main.c ****   /* Initialize all configured peripherals */
 130:Core/Src/main.c ****   MX_GPIO_Init();
 131:Core/Src/main.c ****   MX_USART1_UART_Init();
 132:Core/Src/main.c ****   MX_TIM2_Init();
 133:Core/Src/main.c ****   /* USER CODE BEGIN 2 */
 134:Core/Src/main.c ****   HAL_TIM_Base_Start_IT(&htim2);
 135:Core/Src/main.c ****   /* USER CODE END 2 */
 136:Core/Src/main.c **** 
 137:Core/Src/main.c ****   /* Infinite loop */
 138:Core/Src/main.c ****   /* USER CODE BEGIN WHILE */
 139:Core/Src/main.c ****   // uint8_t c = 'a';
 140:Core/Src/main.c ****   // const uint16_t DL = 4;
 141:Core/Src/main.c ****   // const uint32_t TimeOut = 1000;
 142:Core/Src/main.c ****   // uint8_t data[DL + 1];
 143:Core/Src/main.c ****   // memset(data, 0, DL);
 144:Core/Src/main.c ****   // strcpy(data, "link");
 145:Core/Src/main.c **** 
 146:Core/Src/main.c ****   // HAL_UART_Transmit(&huart1, data, DL, TimeOut);
 147:Core/Src/main.c ****   // HAL_Delay(2000);
ARM GAS  C:\Users\hasee\AppData\Local\Temp\ccJy0alN.s 			page 4


 148:Core/Src/main.c ****   while (1)
 149:Core/Src/main.c ****   {
 150:Core/Src/main.c ****     // memset(data, 0, DL);
 151:Core/Src/main.c ****     // while (!data[0])
 152:Core/Src/main.c ****     // {
 153:Core/Src/main.c ****     //   HAL_UART_Receive(&huart1, data, DL, TimeOut);
 154:Core/Src/main.c ****     // }
 155:Core/Src/main.c **** 
 156:Core/Src/main.c ****     // HAL_UART_Transmit(&huart1, data, DL, TimeOut);
 157:Core/Src/main.c ****     // HAL_GPIO_TogglePin(GPIOC, LED_Pin);
 158:Core/Src/main.c ****   }
 159:Core/Src/main.c ****     /* USER CODE END WHILE */
 160:Core/Src/main.c **** 
 161:Core/Src/main.c ****     /* USER CODE BEGIN 3 */
 162:Core/Src/main.c **** 
 163:Core/Src/main.c ****   /* USER CODE END 3 */
 164:Core/Src/main.c **** }
 165:Core/Src/main.c **** 
 166:Core/Src/main.c **** /**
 167:Core/Src/main.c ****   * @brief System Clock Configuration
 168:Core/Src/main.c ****   * @retval None
 169:Core/Src/main.c ****   */
 170:Core/Src/main.c **** void SystemClock_Config(void)
 171:Core/Src/main.c **** {
 172:Core/Src/main.c ****   RCC_OscInitTypeDef RCC_OscInitStruct = {0};
 173:Core/Src/main.c ****   RCC_ClkInitTypeDef RCC_ClkInitStruct = {0};
 174:Core/Src/main.c **** 
 175:Core/Src/main.c ****   /** Initializes the RCC Oscillators according to the specified parameters
 176:Core/Src/main.c ****   * in the RCC_OscInitTypeDef structure.
 177:Core/Src/main.c ****   */
 178:Core/Src/main.c ****   RCC_OscInitStruct.OscillatorType = RCC_OSCILLATORTYPE_HSE;
 179:Core/Src/main.c ****   RCC_OscInitStruct.HSEState = RCC_HSE_ON;
 180:Core/Src/main.c ****   RCC_OscInitStruct.HSEPredivValue = RCC_HSE_PREDIV_DIV1;
 181:Core/Src/main.c ****   RCC_OscInitStruct.HSIState = RCC_HSI_ON;
 182:Core/Src/main.c ****   RCC_OscInitStruct.PLL.PLLState = RCC_PLL_ON;
 183:Core/Src/main.c ****   RCC_OscInitStruct.PLL.PLLSource = RCC_PLLSOURCE_HSE;
 184:Core/Src/main.c ****   RCC_OscInitStruct.PLL.PLLMUL = RCC_PLL_MUL9;
 185:Core/Src/main.c ****   if (HAL_RCC_OscConfig(&RCC_OscInitStruct) != HAL_OK)
 186:Core/Src/main.c ****   {
 187:Core/Src/main.c ****     Error_Handler();
 188:Core/Src/main.c ****   }
 189:Core/Src/main.c **** 
 190:Core/Src/main.c ****   /** Initializes the CPU, AHB and APB buses clocks
 191:Core/Src/main.c ****   */
 192:Core/Src/main.c ****   RCC_ClkInitStruct.ClockType = RCC_CLOCKTYPE_HCLK|RCC_CLOCKTYPE_SYSCLK
 193:Core/Src/main.c ****                               |RCC_CLOCKTYPE_PCLK1|RCC_CLOCKTYPE_PCLK2;
 194:Core/Src/main.c ****   RCC_ClkInitStruct.SYSCLKSource = RCC_SYSCLKSOURCE_PLLCLK;
 195:Core/Src/main.c ****   RCC_ClkInitStruct.AHBCLKDivider = RCC_SYSCLK_DIV1;
 196:Core/Src/main.c ****   RCC_ClkInitStruct.APB1CLKDivider = RCC_HCLK_DIV2;
 197:Core/Src/main.c ****   RCC_ClkInitStruct.APB2CLKDivider = RCC_HCLK_DIV1;
 198:Core/Src/main.c **** 
 199:Core/Src/main.c ****   if (HAL_RCC_ClockConfig(&RCC_ClkInitStruct, FLASH_LATENCY_2) != HAL_OK)
 200:Core/Src/main.c ****   {
 201:Core/Src/main.c ****     Error_Handler();
 202:Core/Src/main.c ****   }
 203:Core/Src/main.c **** 
 204:Core/Src/main.c ****   /** Enables the Clock Security System
ARM GAS  C:\Users\hasee\AppData\Local\Temp\ccJy0alN.s 			page 5


 205:Core/Src/main.c ****   */
 206:Core/Src/main.c ****   HAL_RCC_EnableCSS();
 207:Core/Src/main.c **** }
 208:Core/Src/main.c **** 
 209:Core/Src/main.c **** /**
 210:Core/Src/main.c ****   * @brief TIM2 Initialization Function
 211:Core/Src/main.c ****   * @param None
 212:Core/Src/main.c ****   * @retval None
 213:Core/Src/main.c ****   */
 214:Core/Src/main.c **** static void MX_TIM2_Init(void)
 215:Core/Src/main.c **** {
 216:Core/Src/main.c **** 
 217:Core/Src/main.c ****   /* USER CODE BEGIN TIM2_Init 0 */
 218:Core/Src/main.c **** 
 219:Core/Src/main.c ****   /* USER CODE END TIM2_Init 0 */
 220:Core/Src/main.c **** 
 221:Core/Src/main.c ****   TIM_ClockConfigTypeDef sClockSourceConfig = {0};
 222:Core/Src/main.c ****   TIM_MasterConfigTypeDef sMasterConfig = {0};
 223:Core/Src/main.c **** 
 224:Core/Src/main.c ****   /* USER CODE BEGIN TIM2_Init 1 */
 225:Core/Src/main.c **** 
 226:Core/Src/main.c ****   /* USER CODE END TIM2_Init 1 */
 227:Core/Src/main.c ****   htim2.Instance = TIM2;
 228:Core/Src/main.c ****   htim2.Init.Prescaler = 7199;
 229:Core/Src/main.c ****   htim2.Init.CounterMode = TIM_COUNTERMODE_UP;
 230:Core/Src/main.c ****   htim2.Init.Period = 4999;
 231:Core/Src/main.c ****   htim2.Init.ClockDivision = TIM_CLOCKDIVISION_DIV1;
 232:Core/Src/main.c ****   htim2.Init.AutoReloadPreload = TIM_AUTORELOAD_PRELOAD_ENABLE;
 233:Core/Src/main.c ****   if (HAL_TIM_Base_Init(&htim2) != HAL_OK)
 234:Core/Src/main.c ****   {
 235:Core/Src/main.c ****     Error_Handler();
 236:Core/Src/main.c ****   }
 237:Core/Src/main.c ****   sClockSourceConfig.ClockSource = TIM_CLOCKSOURCE_INTERNAL;
 238:Core/Src/main.c ****   if (HAL_TIM_ConfigClockSource(&htim2, &sClockSourceConfig) != HAL_OK)
 239:Core/Src/main.c ****   {
 240:Core/Src/main.c ****     Error_Handler();
 241:Core/Src/main.c ****   }
 242:Core/Src/main.c ****   sMasterConfig.MasterOutputTrigger = TIM_TRGO_RESET;
 243:Core/Src/main.c ****   sMasterConfig.MasterSlaveMode = TIM_MASTERSLAVEMODE_DISABLE;
 244:Core/Src/main.c ****   if (HAL_TIMEx_MasterConfigSynchronization(&htim2, &sMasterConfig) != HAL_OK)
 245:Core/Src/main.c ****   {
 246:Core/Src/main.c ****     Error_Handler();
 247:Core/Src/main.c ****   }
 248:Core/Src/main.c ****   /* USER CODE BEGIN TIM2_Init 2 */
 249:Core/Src/main.c **** 
 250:Core/Src/main.c ****   /* USER CODE END TIM2_Init 2 */
 251:Core/Src/main.c **** 
 252:Core/Src/main.c **** }
 253:Core/Src/main.c **** 
 254:Core/Src/main.c **** /**
 255:Core/Src/main.c ****   * @brief USART1 Initialization Function
 256:Core/Src/main.c ****   * @param None
 257:Core/Src/main.c ****   * @retval None
 258:Core/Src/main.c ****   */
 259:Core/Src/main.c **** static void MX_USART1_UART_Init(void)
 260:Core/Src/main.c **** {
 261:Core/Src/main.c **** 
ARM GAS  C:\Users\hasee\AppData\Local\Temp\ccJy0alN.s 			page 6


 262:Core/Src/main.c ****   /* USER CODE BEGIN USART1_Init 0 */
 263:Core/Src/main.c **** 
 264:Core/Src/main.c ****   /* USER CODE END USART1_Init 0 */
 265:Core/Src/main.c **** 
 266:Core/Src/main.c ****   /* USER CODE BEGIN USART1_Init 1 */
 267:Core/Src/main.c **** 
 268:Core/Src/main.c ****   /* USER CODE END USART1_Init 1 */
 269:Core/Src/main.c ****   huart1.Instance = USART1;
 270:Core/Src/main.c ****   huart1.Init.BaudRate = 115200;
 271:Core/Src/main.c ****   huart1.Init.WordLength = UART_WORDLENGTH_8B;
 272:Core/Src/main.c ****   huart1.Init.StopBits = UART_STOPBITS_1;
 273:Core/Src/main.c ****   huart1.Init.Parity = UART_PARITY_NONE;
 274:Core/Src/main.c ****   huart1.Init.Mode = UART_MODE_TX_RX;
 275:Core/Src/main.c ****   huart1.Init.HwFlowCtl = UART_HWCONTROL_NONE;
 276:Core/Src/main.c ****   huart1.Init.OverSampling = UART_OVERSAMPLING_16;
 277:Core/Src/main.c ****   if (HAL_UART_Init(&huart1) != HAL_OK)
 278:Core/Src/main.c ****   {
 279:Core/Src/main.c ****     Error_Handler();
 280:Core/Src/main.c ****   }
 281:Core/Src/main.c ****   /* USER CODE BEGIN USART1_Init 2 */
 282:Core/Src/main.c **** 
 283:Core/Src/main.c ****   /* USER CODE END USART1_Init 2 */
 284:Core/Src/main.c **** 
 285:Core/Src/main.c **** }
 286:Core/Src/main.c **** 
 287:Core/Src/main.c **** /**
 288:Core/Src/main.c ****   * @brief GPIO Initialization Function
 289:Core/Src/main.c ****   * @param None
 290:Core/Src/main.c ****   * @retval None
 291:Core/Src/main.c ****   */
 292:Core/Src/main.c **** static void MX_GPIO_Init(void)
 293:Core/Src/main.c **** {
  26              		.loc 1 293 1 view -0
  27              		.cfi_startproc
  28              		@ args = 0, pretend = 0, frame = 32
  29              		@ frame_needed = 0, uses_anonymous_args = 0
  30 0000 2DE9F043 		push	{r4, r5, r6, r7, r8, r9, lr}
  31              	.LCFI0:
  32              		.cfi_def_cfa_offset 28
  33              		.cfi_offset 4, -28
  34              		.cfi_offset 5, -24
  35              		.cfi_offset 6, -20
  36              		.cfi_offset 7, -16
  37              		.cfi_offset 8, -12
  38              		.cfi_offset 9, -8
  39              		.cfi_offset 14, -4
  40 0004 89B0     		sub	sp, sp, #36
  41              	.LCFI1:
  42              		.cfi_def_cfa_offset 64
 294:Core/Src/main.c ****   GPIO_InitTypeDef GPIO_InitStruct = {0};
  43              		.loc 1 294 3 view .LVU1
  44              		.loc 1 294 20 is_stmt 0 view .LVU2
  45 0006 0024     		movs	r4, #0
  46 0008 0494     		str	r4, [sp, #16]
  47 000a 0594     		str	r4, [sp, #20]
  48 000c 0694     		str	r4, [sp, #24]
  49 000e 0794     		str	r4, [sp, #28]
ARM GAS  C:\Users\hasee\AppData\Local\Temp\ccJy0alN.s 			page 7


 295:Core/Src/main.c **** 
 296:Core/Src/main.c ****   /* GPIO Ports Clock Enable */
 297:Core/Src/main.c ****   __HAL_RCC_GPIOC_CLK_ENABLE();
  50              		.loc 1 297 3 is_stmt 1 view .LVU3
  51              	.LBB4:
  52              		.loc 1 297 3 view .LVU4
  53              		.loc 1 297 3 view .LVU5
  54 0010 2E4B     		ldr	r3, .L3
  55 0012 9A69     		ldr	r2, [r3, #24]
  56 0014 42F01002 		orr	r2, r2, #16
  57 0018 9A61     		str	r2, [r3, #24]
  58              		.loc 1 297 3 view .LVU6
  59 001a 9A69     		ldr	r2, [r3, #24]
  60 001c 02F01002 		and	r2, r2, #16
  61 0020 0092     		str	r2, [sp]
  62              		.loc 1 297 3 view .LVU7
  63 0022 009A     		ldr	r2, [sp]
  64              	.LBE4:
  65              		.loc 1 297 3 view .LVU8
 298:Core/Src/main.c ****   __HAL_RCC_GPIOD_CLK_ENABLE();
  66              		.loc 1 298 3 view .LVU9
  67              	.LBB5:
  68              		.loc 1 298 3 view .LVU10
  69              		.loc 1 298 3 view .LVU11
  70 0024 9A69     		ldr	r2, [r3, #24]
  71 0026 42F02002 		orr	r2, r2, #32
  72 002a 9A61     		str	r2, [r3, #24]
  73              		.loc 1 298 3 view .LVU12
  74 002c 9A69     		ldr	r2, [r3, #24]
  75 002e 02F02002 		and	r2, r2, #32
  76 0032 0192     		str	r2, [sp, #4]
  77              		.loc 1 298 3 view .LVU13
  78 0034 019A     		ldr	r2, [sp, #4]
  79              	.LBE5:
  80              		.loc 1 298 3 view .LVU14
 299:Core/Src/main.c ****   __HAL_RCC_GPIOA_CLK_ENABLE();
  81              		.loc 1 299 3 view .LVU15
  82              	.LBB6:
  83              		.loc 1 299 3 view .LVU16
  84              		.loc 1 299 3 view .LVU17
  85 0036 9A69     		ldr	r2, [r3, #24]
  86 0038 42F00402 		orr	r2, r2, #4
  87 003c 9A61     		str	r2, [r3, #24]
  88              		.loc 1 299 3 view .LVU18
  89 003e 9A69     		ldr	r2, [r3, #24]
  90 0040 02F00402 		and	r2, r2, #4
  91 0044 0292     		str	r2, [sp, #8]
  92              		.loc 1 299 3 view .LVU19
  93 0046 029A     		ldr	r2, [sp, #8]
  94              	.LBE6:
  95              		.loc 1 299 3 view .LVU20
 300:Core/Src/main.c ****   __HAL_RCC_GPIOB_CLK_ENABLE();
  96              		.loc 1 300 3 view .LVU21
  97              	.LBB7:
  98              		.loc 1 300 3 view .LVU22
  99              		.loc 1 300 3 view .LVU23
 100 0048 9A69     		ldr	r2, [r3, #24]
ARM GAS  C:\Users\hasee\AppData\Local\Temp\ccJy0alN.s 			page 8


 101 004a 42F00802 		orr	r2, r2, #8
 102 004e 9A61     		str	r2, [r3, #24]
 103              		.loc 1 300 3 view .LVU24
 104 0050 9B69     		ldr	r3, [r3, #24]
 105 0052 03F00803 		and	r3, r3, #8
 106 0056 0393     		str	r3, [sp, #12]
 107              		.loc 1 300 3 view .LVU25
 108 0058 039B     		ldr	r3, [sp, #12]
 109              	.LBE7:
 110              		.loc 1 300 3 view .LVU26
 301:Core/Src/main.c **** 
 302:Core/Src/main.c ****   /*Configure GPIO pin Output Level */
 303:Core/Src/main.c ****   HAL_GPIO_WritePin(LED_GPIO_Port, LED_Pin, GPIO_PIN_RESET);
 111              		.loc 1 303 3 view .LVU27
 112 005a DFF87490 		ldr	r9, .L3+4
 113 005e 2246     		mov	r2, r4
 114 0060 4FF40051 		mov	r1, #8192
 115 0064 4846     		mov	r0, r9
 116 0066 FFF7FEFF 		bl	HAL_GPIO_WritePin
 117              	.LVL0:
 304:Core/Src/main.c **** 
 305:Core/Src/main.c ****   /*Configure GPIO pin Output Level */
 306:Core/Src/main.c ****   HAL_GPIO_WritePin(GPIOA, GPIO_PIN_2|GPIO_PIN_3, GPIO_PIN_SET);
 118              		.loc 1 306 3 view .LVU28
 119 006a DFF86880 		ldr	r8, .L3+8
 120 006e 0122     		movs	r2, #1
 121 0070 0C21     		movs	r1, #12
 122 0072 4046     		mov	r0, r8
 123 0074 FFF7FEFF 		bl	HAL_GPIO_WritePin
 124              	.LVL1:
 307:Core/Src/main.c **** 
 308:Core/Src/main.c ****   /*Configure GPIO pin Output Level */
 309:Core/Src/main.c ****   HAL_GPIO_WritePin(GPIOB, GPIO_PIN_12|GPIO_PIN_13|GPIO_PIN_14|GPIO_PIN_15, GPIO_PIN_RESET);
 125              		.loc 1 309 3 view .LVU29
 126 0078 174F     		ldr	r7, .L3+12
 127 007a 2246     		mov	r2, r4
 128 007c 4FF47041 		mov	r1, #61440
 129 0080 3846     		mov	r0, r7
 130 0082 FFF7FEFF 		bl	HAL_GPIO_WritePin
 131              	.LVL2:
 310:Core/Src/main.c **** 
 311:Core/Src/main.c ****   /*Configure GPIO pin : LED_Pin */
 312:Core/Src/main.c ****   GPIO_InitStruct.Pin = LED_Pin;
 132              		.loc 1 312 3 view .LVU30
 133              		.loc 1 312 23 is_stmt 0 view .LVU31
 134 0086 4FF40053 		mov	r3, #8192
 135 008a 0493     		str	r3, [sp, #16]
 313:Core/Src/main.c ****   GPIO_InitStruct.Mode = GPIO_MODE_OUTPUT_PP;
 136              		.loc 1 313 3 is_stmt 1 view .LVU32
 137              		.loc 1 313 24 is_stmt 0 view .LVU33
 138 008c 0126     		movs	r6, #1
 139 008e 0596     		str	r6, [sp, #20]
 314:Core/Src/main.c ****   GPIO_InitStruct.Pull = GPIO_NOPULL;
 140              		.loc 1 314 3 is_stmt 1 view .LVU34
 141              		.loc 1 314 24 is_stmt 0 view .LVU35
 142 0090 0694     		str	r4, [sp, #24]
 315:Core/Src/main.c ****   GPIO_InitStruct.Speed = GPIO_SPEED_FREQ_LOW;
ARM GAS  C:\Users\hasee\AppData\Local\Temp\ccJy0alN.s 			page 9


 143              		.loc 1 315 3 is_stmt 1 view .LVU36
 144              		.loc 1 315 25 is_stmt 0 view .LVU37
 145 0092 0225     		movs	r5, #2
 146 0094 0795     		str	r5, [sp, #28]
 316:Core/Src/main.c ****   HAL_GPIO_Init(LED_GPIO_Port, &GPIO_InitStruct);
 147              		.loc 1 316 3 is_stmt 1 view .LVU38
 148 0096 04A9     		add	r1, sp, #16
 149 0098 4846     		mov	r0, r9
 150 009a FFF7FEFF 		bl	HAL_GPIO_Init
 151              	.LVL3:
 317:Core/Src/main.c **** 
 318:Core/Src/main.c ****   /*Configure GPIO pins : PA2 PA3 */
 319:Core/Src/main.c ****   GPIO_InitStruct.Pin = GPIO_PIN_2|GPIO_PIN_3;
 152              		.loc 1 319 3 view .LVU39
 153              		.loc 1 319 23 is_stmt 0 view .LVU40
 154 009e 0C23     		movs	r3, #12
 155 00a0 0493     		str	r3, [sp, #16]
 320:Core/Src/main.c ****   GPIO_InitStruct.Mode = GPIO_MODE_OUTPUT_PP;
 156              		.loc 1 320 3 is_stmt 1 view .LVU41
 157              		.loc 1 320 24 is_stmt 0 view .LVU42
 158 00a2 0596     		str	r6, [sp, #20]
 321:Core/Src/main.c ****   GPIO_InitStruct.Pull = GPIO_NOPULL;
 159              		.loc 1 321 3 is_stmt 1 view .LVU43
 160              		.loc 1 321 24 is_stmt 0 view .LVU44
 161 00a4 0694     		str	r4, [sp, #24]
 322:Core/Src/main.c ****   GPIO_InitStruct.Speed = GPIO_SPEED_FREQ_LOW;
 162              		.loc 1 322 3 is_stmt 1 view .LVU45
 163              		.loc 1 322 25 is_stmt 0 view .LVU46
 164 00a6 0795     		str	r5, [sp, #28]
 323:Core/Src/main.c ****   HAL_GPIO_Init(GPIOA, &GPIO_InitStruct);
 165              		.loc 1 323 3 is_stmt 1 view .LVU47
 166 00a8 04A9     		add	r1, sp, #16
 167 00aa 4046     		mov	r0, r8
 168 00ac FFF7FEFF 		bl	HAL_GPIO_Init
 169              	.LVL4:
 324:Core/Src/main.c **** 
 325:Core/Src/main.c ****   /*Configure GPIO pins : PB12 PB13 PB14 PB15 */
 326:Core/Src/main.c ****   GPIO_InitStruct.Pin = GPIO_PIN_12|GPIO_PIN_13|GPIO_PIN_14|GPIO_PIN_15;
 170              		.loc 1 326 3 view .LVU48
 171              		.loc 1 326 23 is_stmt 0 view .LVU49
 172 00b0 4FF47043 		mov	r3, #61440
 173 00b4 0493     		str	r3, [sp, #16]
 327:Core/Src/main.c ****   GPIO_InitStruct.Mode = GPIO_MODE_OUTPUT_PP;
 174              		.loc 1 327 3 is_stmt 1 view .LVU50
 175              		.loc 1 327 24 is_stmt 0 view .LVU51
 176 00b6 0596     		str	r6, [sp, #20]
 328:Core/Src/main.c ****   GPIO_InitStruct.Pull = GPIO_NOPULL;
 177              		.loc 1 328 3 is_stmt 1 view .LVU52
 178              		.loc 1 328 24 is_stmt 0 view .LVU53
 179 00b8 0694     		str	r4, [sp, #24]
 329:Core/Src/main.c ****   GPIO_InitStruct.Speed = GPIO_SPEED_FREQ_LOW;
 180              		.loc 1 329 3 is_stmt 1 view .LVU54
 181              		.loc 1 329 25 is_stmt 0 view .LVU55
 182 00ba 0795     		str	r5, [sp, #28]
 330:Core/Src/main.c ****   HAL_GPIO_Init(GPIOB, &GPIO_InitStruct);
 183              		.loc 1 330 3 is_stmt 1 view .LVU56
 184 00bc 04A9     		add	r1, sp, #16
ARM GAS  C:\Users\hasee\AppData\Local\Temp\ccJy0alN.s 			page 10


 185 00be 3846     		mov	r0, r7
 186 00c0 FFF7FEFF 		bl	HAL_GPIO_Init
 187              	.LVL5:
 331:Core/Src/main.c **** 
 332:Core/Src/main.c **** }
 188              		.loc 1 332 1 is_stmt 0 view .LVU57
 189 00c4 09B0     		add	sp, sp, #36
 190              	.LCFI2:
 191              		.cfi_def_cfa_offset 28
 192              		@ sp needed
 193 00c6 BDE8F083 		pop	{r4, r5, r6, r7, r8, r9, pc}
 194              	.L4:
 195 00ca 00BF     		.align	2
 196              	.L3:
 197 00cc 00100240 		.word	1073876992
 198 00d0 00100140 		.word	1073811456
 199 00d4 00080140 		.word	1073809408
 200 00d8 000C0140 		.word	1073810432
 201              		.cfi_endproc
 202              	.LFE71:
 204              		.section	.text.HAL_TIM_PeriodElapsedCallback,"ax",%progbits
 205              		.align	1
 206              		.global	HAL_TIM_PeriodElapsedCallback
 207              		.syntax unified
 208              		.thumb
 209              		.thumb_func
 211              	HAL_TIM_PeriodElapsedCallback:
 212              	.LVL6:
 213              	.LFB65:
  57:Core/Src/main.c ****   if (htim->Instance == TIM2)
 214              		.loc 1 57 1 is_stmt 1 view -0
 215              		.cfi_startproc
 216              		@ args = 0, pretend = 0, frame = 0
 217              		@ frame_needed = 0, uses_anonymous_args = 0
  57:Core/Src/main.c ****   if (htim->Instance == TIM2)
 218              		.loc 1 57 1 is_stmt 0 view .LVU59
 219 0000 08B5     		push	{r3, lr}
 220              	.LCFI3:
 221              		.cfi_def_cfa_offset 8
 222              		.cfi_offset 3, -8
 223              		.cfi_offset 14, -4
  58:Core/Src/main.c ****   {
 224              		.loc 1 58 3 is_stmt 1 view .LVU60
  58:Core/Src/main.c ****   {
 225              		.loc 1 58 11 is_stmt 0 view .LVU61
 226 0002 0368     		ldr	r3, [r0]
  58:Core/Src/main.c ****   {
 227              		.loc 1 58 6 view .LVU62
 228 0004 B3F1804F 		cmp	r3, #1073741824
 229 0008 00D0     		beq	.L8
 230              	.LVL7:
 231              	.L5:
  62:Core/Src/main.c **** /* USER CODE END PFP */
 232              		.loc 1 62 1 view .LVU63
 233 000a 08BD     		pop	{r3, pc}
 234              	.LVL8:
 235              	.L8:
ARM GAS  C:\Users\hasee\AppData\Local\Temp\ccJy0alN.s 			page 11


  60:Core/Src/main.c ****   }
 236              		.loc 1 60 5 is_stmt 1 view .LVU64
 237 000c 4FF40051 		mov	r1, #8192
 238 0010 0148     		ldr	r0, .L9
 239              	.LVL9:
  60:Core/Src/main.c ****   }
 240              		.loc 1 60 5 is_stmt 0 view .LVU65
 241 0012 FFF7FEFF 		bl	HAL_GPIO_TogglePin
 242              	.LVL10:
  62:Core/Src/main.c **** /* USER CODE END PFP */
 243              		.loc 1 62 1 view .LVU66
 244 0016 F8E7     		b	.L5
 245              	.L10:
 246              		.align	2
 247              	.L9:
 248 0018 00100140 		.word	1073811456
 249              		.cfi_endproc
 250              	.LFE65:
 252              		.section	.text.Car_Run,"ax",%progbits
 253              		.align	1
 254              		.global	Car_Run
 255              		.syntax unified
 256              		.thumb
 257              		.thumb_func
 259              	Car_Run:
 260              	.LVL11:
 261              	.LFB66:
  69:Core/Src/main.c ****   if (l == 1)
 262              		.loc 1 69 1 is_stmt 1 view -0
 263              		.cfi_startproc
 264              		@ args = 0, pretend = 0, frame = 0
 265              		@ frame_needed = 0, uses_anonymous_args = 0
  69:Core/Src/main.c ****   if (l == 1)
 266              		.loc 1 69 1 is_stmt 0 view .LVU68
 267 0000 38B5     		push	{r3, r4, r5, lr}
 268              	.LCFI4:
 269              		.cfi_def_cfa_offset 16
 270              		.cfi_offset 3, -16
 271              		.cfi_offset 4, -12
 272              		.cfi_offset 5, -8
 273              		.cfi_offset 14, -4
 274 0002 0C46     		mov	r4, r1
  70:Core/Src/main.c ****   {
 275              		.loc 1 70 3 is_stmt 1 view .LVU69
  70:Core/Src/main.c ****   {
 276              		.loc 1 70 6 is_stmt 0 view .LVU70
 277 0004 0128     		cmp	r0, #1
 278 0006 1ED0     		beq	.L19
  75:Core/Src/main.c ****   {
 279              		.loc 1 75 8 is_stmt 1 view .LVU71
  75:Core/Src/main.c ****   {
 280              		.loc 1 75 11 is_stmt 0 view .LVU72
 281 0008 58BB     		cbnz	r0, .L14
  77:Core/Src/main.c ****     HAL_GPIO_WritePin(GPIOB, GPIO_PIN_13, GPIO_PIN_RESET);
 282              		.loc 1 77 5 is_stmt 1 view .LVU73
 283 000a 2B4D     		ldr	r5, .L21
 284 000c 0122     		movs	r2, #1
ARM GAS  C:\Users\hasee\AppData\Local\Temp\ccJy0alN.s 			page 12


 285 000e 4FF48051 		mov	r1, #4096
 286              	.LVL12:
  77:Core/Src/main.c ****     HAL_GPIO_WritePin(GPIOB, GPIO_PIN_13, GPIO_PIN_RESET);
 287              		.loc 1 77 5 is_stmt 0 view .LVU74
 288 0012 2846     		mov	r0, r5
 289              	.LVL13:
  77:Core/Src/main.c ****     HAL_GPIO_WritePin(GPIOB, GPIO_PIN_13, GPIO_PIN_RESET);
 290              		.loc 1 77 5 view .LVU75
 291 0014 FFF7FEFF 		bl	HAL_GPIO_WritePin
 292              	.LVL14:
  78:Core/Src/main.c ****   }
 293              		.loc 1 78 5 is_stmt 1 view .LVU76
 294 0018 0022     		movs	r2, #0
 295 001a 4FF40051 		mov	r1, #8192
 296 001e 2846     		mov	r0, r5
 297 0020 FFF7FEFF 		bl	HAL_GPIO_WritePin
 298              	.LVL15:
 299              	.L13:
  85:Core/Src/main.c ****   {
 300              		.loc 1 85 3 view .LVU77
  85:Core/Src/main.c ****   {
 301              		.loc 1 85 6 is_stmt 0 view .LVU78
 302 0024 012C     		cmp	r4, #1
 303 0026 2AD0     		beq	.L20
  90:Core/Src/main.c ****   {
 304              		.loc 1 90 8 is_stmt 1 view .LVU79
  90:Core/Src/main.c ****   {
 305              		.loc 1 90 11 is_stmt 0 view .LVU80
 306 0028 BCBB     		cbnz	r4, .L17
  92:Core/Src/main.c ****     HAL_GPIO_WritePin(GPIOB, GPIO_PIN_15, GPIO_PIN_RESET);
 307              		.loc 1 92 5 is_stmt 1 view .LVU81
 308 002a 234C     		ldr	r4, .L21
 309              	.LVL16:
  92:Core/Src/main.c ****     HAL_GPIO_WritePin(GPIOB, GPIO_PIN_15, GPIO_PIN_RESET);
 310              		.loc 1 92 5 is_stmt 0 view .LVU82
 311 002c 0122     		movs	r2, #1
 312 002e 4FF48041 		mov	r1, #16384
 313 0032 2046     		mov	r0, r4
 314 0034 FFF7FEFF 		bl	HAL_GPIO_WritePin
 315              	.LVL17:
  93:Core/Src/main.c ****   }
 316              		.loc 1 93 5 is_stmt 1 view .LVU83
 317 0038 0022     		movs	r2, #0
 318 003a 4FF40041 		mov	r1, #32768
 319 003e 2046     		mov	r0, r4
 320 0040 FFF7FEFF 		bl	HAL_GPIO_WritePin
 321              	.LVL18:
 322              	.L11:
 100:Core/Src/main.c **** /* USER CODE END 0 */
 323              		.loc 1 100 1 is_stmt 0 view .LVU84
 324 0044 38BD     		pop	{r3, r4, r5, pc}
 325              	.LVL19:
 326              	.L19:
  72:Core/Src/main.c ****     HAL_GPIO_WritePin(GPIOB, GPIO_PIN_13, GPIO_PIN_SET);
 327              		.loc 1 72 5 is_stmt 1 view .LVU85
 328 0046 1C4D     		ldr	r5, .L21
 329 0048 0022     		movs	r2, #0
ARM GAS  C:\Users\hasee\AppData\Local\Temp\ccJy0alN.s 			page 13


 330 004a 4FF48051 		mov	r1, #4096
 331              	.LVL20:
  72:Core/Src/main.c ****     HAL_GPIO_WritePin(GPIOB, GPIO_PIN_13, GPIO_PIN_SET);
 332              		.loc 1 72 5 is_stmt 0 view .LVU86
 333 004e 2846     		mov	r0, r5
 334              	.LVL21:
  72:Core/Src/main.c ****     HAL_GPIO_WritePin(GPIOB, GPIO_PIN_13, GPIO_PIN_SET);
 335              		.loc 1 72 5 view .LVU87
 336 0050 FFF7FEFF 		bl	HAL_GPIO_WritePin
 337              	.LVL22:
  73:Core/Src/main.c ****   }
 338              		.loc 1 73 5 is_stmt 1 view .LVU88
 339 0054 0122     		movs	r2, #1
 340 0056 4FF40051 		mov	r1, #8192
 341 005a 2846     		mov	r0, r5
 342 005c FFF7FEFF 		bl	HAL_GPIO_WritePin
 343              	.LVL23:
 344 0060 E0E7     		b	.L13
 345              	.LVL24:
 346              	.L14:
  82:Core/Src/main.c ****     HAL_GPIO_WritePin(GPIOB, GPIO_PIN_13, GPIO_PIN_SET);
 347              		.loc 1 82 5 view .LVU89
 348 0062 154D     		ldr	r5, .L21
 349 0064 0122     		movs	r2, #1
 350 0066 4FF48051 		mov	r1, #4096
 351              	.LVL25:
  82:Core/Src/main.c ****     HAL_GPIO_WritePin(GPIOB, GPIO_PIN_13, GPIO_PIN_SET);
 352              		.loc 1 82 5 is_stmt 0 view .LVU90
 353 006a 2846     		mov	r0, r5
 354              	.LVL26:
  82:Core/Src/main.c ****     HAL_GPIO_WritePin(GPIOB, GPIO_PIN_13, GPIO_PIN_SET);
 355              		.loc 1 82 5 view .LVU91
 356 006c FFF7FEFF 		bl	HAL_GPIO_WritePin
 357              	.LVL27:
  83:Core/Src/main.c ****   }
 358              		.loc 1 83 5 is_stmt 1 view .LVU92
 359 0070 0122     		movs	r2, #1
 360 0072 4FF40051 		mov	r1, #8192
 361 0076 2846     		mov	r0, r5
 362 0078 FFF7FEFF 		bl	HAL_GPIO_WritePin
 363              	.LVL28:
 364 007c D2E7     		b	.L13
 365              	.L20:
  87:Core/Src/main.c ****     HAL_GPIO_WritePin(GPIOB, GPIO_PIN_15, GPIO_PIN_SET);
 366              		.loc 1 87 5 view .LVU93
 367 007e 0E4C     		ldr	r4, .L21
 368              	.LVL29:
  87:Core/Src/main.c ****     HAL_GPIO_WritePin(GPIOB, GPIO_PIN_15, GPIO_PIN_SET);
 369              		.loc 1 87 5 is_stmt 0 view .LVU94
 370 0080 0022     		movs	r2, #0
 371 0082 4FF48041 		mov	r1, #16384
 372 0086 2046     		mov	r0, r4
 373 0088 FFF7FEFF 		bl	HAL_GPIO_WritePin
 374              	.LVL30:
  88:Core/Src/main.c ****   }
 375              		.loc 1 88 5 is_stmt 1 view .LVU95
 376 008c 0122     		movs	r2, #1
ARM GAS  C:\Users\hasee\AppData\Local\Temp\ccJy0alN.s 			page 14


 377 008e 4FF40041 		mov	r1, #32768
 378 0092 2046     		mov	r0, r4
 379 0094 FFF7FEFF 		bl	HAL_GPIO_WritePin
 380              	.LVL31:
 381 0098 D4E7     		b	.L11
 382              	.LVL32:
 383              	.L17:
  97:Core/Src/main.c ****     HAL_GPIO_WritePin(GPIOB, GPIO_PIN_15, GPIO_PIN_SET);
 384              		.loc 1 97 5 view .LVU96
 385 009a 074C     		ldr	r4, .L21
 386              	.LVL33:
  97:Core/Src/main.c ****     HAL_GPIO_WritePin(GPIOB, GPIO_PIN_15, GPIO_PIN_SET);
 387              		.loc 1 97 5 is_stmt 0 view .LVU97
 388 009c 0122     		movs	r2, #1
 389 009e 4FF48041 		mov	r1, #16384
 390 00a2 2046     		mov	r0, r4
 391 00a4 FFF7FEFF 		bl	HAL_GPIO_WritePin
 392              	.LVL34:
  98:Core/Src/main.c ****   }
 393              		.loc 1 98 5 is_stmt 1 view .LVU98
 394 00a8 0122     		movs	r2, #1
 395 00aa 4FF40041 		mov	r1, #32768
 396 00ae 2046     		mov	r0, r4
 397 00b0 FFF7FEFF 		bl	HAL_GPIO_WritePin
 398              	.LVL35:
 100:Core/Src/main.c **** /* USER CODE END 0 */
 399              		.loc 1 100 1 is_stmt 0 view .LVU99
 400 00b4 C6E7     		b	.L11
 401              	.L22:
 402 00b6 00BF     		.align	2
 403              	.L21:
 404 00b8 000C0140 		.word	1073810432
 405              		.cfi_endproc
 406              	.LFE66:
 408              		.section	.text.Error_Handler,"ax",%progbits
 409              		.align	1
 410              		.global	Error_Handler
 411              		.syntax unified
 412              		.thumb
 413              		.thumb_func
 415              	Error_Handler:
 416              	.LFB72:
 333:Core/Src/main.c **** 
 334:Core/Src/main.c **** /* USER CODE BEGIN 4 */
 335:Core/Src/main.c **** 
 336:Core/Src/main.c **** /* USER CODE END 4 */
 337:Core/Src/main.c **** 
 338:Core/Src/main.c **** /**
 339:Core/Src/main.c ****   * @brief  This function is executed in case of error occurrence.
 340:Core/Src/main.c ****   * @retval None
 341:Core/Src/main.c ****   */
 342:Core/Src/main.c **** void Error_Handler(void)
 343:Core/Src/main.c **** {
 417              		.loc 1 343 1 is_stmt 1 view -0
 418              		.cfi_startproc
 419              		@ Volatile: function does not return.
 420              		@ args = 0, pretend = 0, frame = 0
ARM GAS  C:\Users\hasee\AppData\Local\Temp\ccJy0alN.s 			page 15


 421              		@ frame_needed = 0, uses_anonymous_args = 0
 422              		@ link register save eliminated.
 344:Core/Src/main.c ****   /* USER CODE BEGIN Error_Handler_Debug */
 345:Core/Src/main.c ****   /* User can add his own implementation to report the HAL error return state */
 346:Core/Src/main.c ****   __disable_irq();
 423              		.loc 1 346 3 view .LVU101
 424              	.LBB8:
 425              	.LBI8:
 426              		.file 2 "Drivers/CMSIS/Include/cmsis_gcc.h"
   1:Drivers/CMSIS/Include/cmsis_gcc.h **** /**************************************************************************//**
   2:Drivers/CMSIS/Include/cmsis_gcc.h ****  * @file     cmsis_gcc.h
   3:Drivers/CMSIS/Include/cmsis_gcc.h ****  * @brief    CMSIS compiler GCC header file
   4:Drivers/CMSIS/Include/cmsis_gcc.h ****  * @version  V5.0.4
   5:Drivers/CMSIS/Include/cmsis_gcc.h ****  * @date     09. April 2018
   6:Drivers/CMSIS/Include/cmsis_gcc.h ****  ******************************************************************************/
   7:Drivers/CMSIS/Include/cmsis_gcc.h **** /*
   8:Drivers/CMSIS/Include/cmsis_gcc.h ****  * Copyright (c) 2009-2018 Arm Limited. All rights reserved.
   9:Drivers/CMSIS/Include/cmsis_gcc.h ****  *
  10:Drivers/CMSIS/Include/cmsis_gcc.h ****  * SPDX-License-Identifier: Apache-2.0
  11:Drivers/CMSIS/Include/cmsis_gcc.h ****  *
  12:Drivers/CMSIS/Include/cmsis_gcc.h ****  * Licensed under the Apache License, Version 2.0 (the License); you may
  13:Drivers/CMSIS/Include/cmsis_gcc.h ****  * not use this file except in compliance with the License.
  14:Drivers/CMSIS/Include/cmsis_gcc.h ****  * You may obtain a copy of the License at
  15:Drivers/CMSIS/Include/cmsis_gcc.h ****  *
  16:Drivers/CMSIS/Include/cmsis_gcc.h ****  * www.apache.org/licenses/LICENSE-2.0
  17:Drivers/CMSIS/Include/cmsis_gcc.h ****  *
  18:Drivers/CMSIS/Include/cmsis_gcc.h ****  * Unless required by applicable law or agreed to in writing, software
  19:Drivers/CMSIS/Include/cmsis_gcc.h ****  * distributed under the License is distributed on an AS IS BASIS, WITHOUT
  20:Drivers/CMSIS/Include/cmsis_gcc.h ****  * WARRANTIES OR CONDITIONS OF ANY KIND, either express or implied.
  21:Drivers/CMSIS/Include/cmsis_gcc.h ****  * See the License for the specific language governing permissions and
  22:Drivers/CMSIS/Include/cmsis_gcc.h ****  * limitations under the License.
  23:Drivers/CMSIS/Include/cmsis_gcc.h ****  */
  24:Drivers/CMSIS/Include/cmsis_gcc.h **** 
  25:Drivers/CMSIS/Include/cmsis_gcc.h **** #ifndef __CMSIS_GCC_H
  26:Drivers/CMSIS/Include/cmsis_gcc.h **** #define __CMSIS_GCC_H
  27:Drivers/CMSIS/Include/cmsis_gcc.h **** 
  28:Drivers/CMSIS/Include/cmsis_gcc.h **** /* ignore some GCC warnings */
  29:Drivers/CMSIS/Include/cmsis_gcc.h **** #pragma GCC diagnostic push
  30:Drivers/CMSIS/Include/cmsis_gcc.h **** #pragma GCC diagnostic ignored "-Wsign-conversion"
  31:Drivers/CMSIS/Include/cmsis_gcc.h **** #pragma GCC diagnostic ignored "-Wconversion"
  32:Drivers/CMSIS/Include/cmsis_gcc.h **** #pragma GCC diagnostic ignored "-Wunused-parameter"
  33:Drivers/CMSIS/Include/cmsis_gcc.h **** 
  34:Drivers/CMSIS/Include/cmsis_gcc.h **** /* Fallback for __has_builtin */
  35:Drivers/CMSIS/Include/cmsis_gcc.h **** #ifndef __has_builtin
  36:Drivers/CMSIS/Include/cmsis_gcc.h ****   #define __has_builtin(x) (0)
  37:Drivers/CMSIS/Include/cmsis_gcc.h **** #endif
  38:Drivers/CMSIS/Include/cmsis_gcc.h **** 
  39:Drivers/CMSIS/Include/cmsis_gcc.h **** /* CMSIS compiler specific defines */
  40:Drivers/CMSIS/Include/cmsis_gcc.h **** #ifndef   __ASM
  41:Drivers/CMSIS/Include/cmsis_gcc.h ****   #define __ASM                                  __asm
  42:Drivers/CMSIS/Include/cmsis_gcc.h **** #endif
  43:Drivers/CMSIS/Include/cmsis_gcc.h **** #ifndef   __INLINE
  44:Drivers/CMSIS/Include/cmsis_gcc.h ****   #define __INLINE                               inline
  45:Drivers/CMSIS/Include/cmsis_gcc.h **** #endif
  46:Drivers/CMSIS/Include/cmsis_gcc.h **** #ifndef   __STATIC_INLINE
  47:Drivers/CMSIS/Include/cmsis_gcc.h ****   #define __STATIC_INLINE                        static inline
  48:Drivers/CMSIS/Include/cmsis_gcc.h **** #endif
ARM GAS  C:\Users\hasee\AppData\Local\Temp\ccJy0alN.s 			page 16


  49:Drivers/CMSIS/Include/cmsis_gcc.h **** #ifndef   __STATIC_FORCEINLINE                 
  50:Drivers/CMSIS/Include/cmsis_gcc.h ****   #define __STATIC_FORCEINLINE                   __attribute__((always_inline)) static inline
  51:Drivers/CMSIS/Include/cmsis_gcc.h **** #endif                                           
  52:Drivers/CMSIS/Include/cmsis_gcc.h **** #ifndef   __NO_RETURN
  53:Drivers/CMSIS/Include/cmsis_gcc.h ****   #define __NO_RETURN                            __attribute__((__noreturn__))
  54:Drivers/CMSIS/Include/cmsis_gcc.h **** #endif
  55:Drivers/CMSIS/Include/cmsis_gcc.h **** #ifndef   __USED
  56:Drivers/CMSIS/Include/cmsis_gcc.h ****   #define __USED                                 __attribute__((used))
  57:Drivers/CMSIS/Include/cmsis_gcc.h **** #endif
  58:Drivers/CMSIS/Include/cmsis_gcc.h **** #ifndef   __WEAK
  59:Drivers/CMSIS/Include/cmsis_gcc.h ****   #define __WEAK                                 __attribute__((weak))
  60:Drivers/CMSIS/Include/cmsis_gcc.h **** #endif
  61:Drivers/CMSIS/Include/cmsis_gcc.h **** #ifndef   __PACKED
  62:Drivers/CMSIS/Include/cmsis_gcc.h ****   #define __PACKED                               __attribute__((packed, aligned(1)))
  63:Drivers/CMSIS/Include/cmsis_gcc.h **** #endif
  64:Drivers/CMSIS/Include/cmsis_gcc.h **** #ifndef   __PACKED_STRUCT
  65:Drivers/CMSIS/Include/cmsis_gcc.h ****   #define __PACKED_STRUCT                        struct __attribute__((packed, aligned(1)))
  66:Drivers/CMSIS/Include/cmsis_gcc.h **** #endif
  67:Drivers/CMSIS/Include/cmsis_gcc.h **** #ifndef   __PACKED_UNION
  68:Drivers/CMSIS/Include/cmsis_gcc.h ****   #define __PACKED_UNION                         union __attribute__((packed, aligned(1)))
  69:Drivers/CMSIS/Include/cmsis_gcc.h **** #endif
  70:Drivers/CMSIS/Include/cmsis_gcc.h **** #ifndef   __UNALIGNED_UINT32        /* deprecated */
  71:Drivers/CMSIS/Include/cmsis_gcc.h ****   #pragma GCC diagnostic push
  72:Drivers/CMSIS/Include/cmsis_gcc.h ****   #pragma GCC diagnostic ignored "-Wpacked"
  73:Drivers/CMSIS/Include/cmsis_gcc.h ****   #pragma GCC diagnostic ignored "-Wattributes"
  74:Drivers/CMSIS/Include/cmsis_gcc.h ****   struct __attribute__((packed)) T_UINT32 { uint32_t v; };
  75:Drivers/CMSIS/Include/cmsis_gcc.h ****   #pragma GCC diagnostic pop
  76:Drivers/CMSIS/Include/cmsis_gcc.h ****   #define __UNALIGNED_UINT32(x)                  (((struct T_UINT32 *)(x))->v)
  77:Drivers/CMSIS/Include/cmsis_gcc.h **** #endif
  78:Drivers/CMSIS/Include/cmsis_gcc.h **** #ifndef   __UNALIGNED_UINT16_WRITE
  79:Drivers/CMSIS/Include/cmsis_gcc.h ****   #pragma GCC diagnostic push
  80:Drivers/CMSIS/Include/cmsis_gcc.h ****   #pragma GCC diagnostic ignored "-Wpacked"
  81:Drivers/CMSIS/Include/cmsis_gcc.h ****   #pragma GCC diagnostic ignored "-Wattributes"
  82:Drivers/CMSIS/Include/cmsis_gcc.h ****   __PACKED_STRUCT T_UINT16_WRITE { uint16_t v; };
  83:Drivers/CMSIS/Include/cmsis_gcc.h ****   #pragma GCC diagnostic pop
  84:Drivers/CMSIS/Include/cmsis_gcc.h ****   #define __UNALIGNED_UINT16_WRITE(addr, val)    (void)((((struct T_UINT16_WRITE *)(void *)(addr))-
  85:Drivers/CMSIS/Include/cmsis_gcc.h **** #endif
  86:Drivers/CMSIS/Include/cmsis_gcc.h **** #ifndef   __UNALIGNED_UINT16_READ
  87:Drivers/CMSIS/Include/cmsis_gcc.h ****   #pragma GCC diagnostic push
  88:Drivers/CMSIS/Include/cmsis_gcc.h ****   #pragma GCC diagnostic ignored "-Wpacked"
  89:Drivers/CMSIS/Include/cmsis_gcc.h ****   #pragma GCC diagnostic ignored "-Wattributes"
  90:Drivers/CMSIS/Include/cmsis_gcc.h ****   __PACKED_STRUCT T_UINT16_READ { uint16_t v; };
  91:Drivers/CMSIS/Include/cmsis_gcc.h ****   #pragma GCC diagnostic pop
  92:Drivers/CMSIS/Include/cmsis_gcc.h ****   #define __UNALIGNED_UINT16_READ(addr)          (((const struct T_UINT16_READ *)(const void *)(add
  93:Drivers/CMSIS/Include/cmsis_gcc.h **** #endif
  94:Drivers/CMSIS/Include/cmsis_gcc.h **** #ifndef   __UNALIGNED_UINT32_WRITE
  95:Drivers/CMSIS/Include/cmsis_gcc.h ****   #pragma GCC diagnostic push
  96:Drivers/CMSIS/Include/cmsis_gcc.h ****   #pragma GCC diagnostic ignored "-Wpacked"
  97:Drivers/CMSIS/Include/cmsis_gcc.h ****   #pragma GCC diagnostic ignored "-Wattributes"
  98:Drivers/CMSIS/Include/cmsis_gcc.h ****   __PACKED_STRUCT T_UINT32_WRITE { uint32_t v; };
  99:Drivers/CMSIS/Include/cmsis_gcc.h ****   #pragma GCC diagnostic pop
 100:Drivers/CMSIS/Include/cmsis_gcc.h ****   #define __UNALIGNED_UINT32_WRITE(addr, val)    (void)((((struct T_UINT32_WRITE *)(void *)(addr))-
 101:Drivers/CMSIS/Include/cmsis_gcc.h **** #endif
 102:Drivers/CMSIS/Include/cmsis_gcc.h **** #ifndef   __UNALIGNED_UINT32_READ
 103:Drivers/CMSIS/Include/cmsis_gcc.h ****   #pragma GCC diagnostic push
 104:Drivers/CMSIS/Include/cmsis_gcc.h ****   #pragma GCC diagnostic ignored "-Wpacked"
 105:Drivers/CMSIS/Include/cmsis_gcc.h ****   #pragma GCC diagnostic ignored "-Wattributes"
ARM GAS  C:\Users\hasee\AppData\Local\Temp\ccJy0alN.s 			page 17


 106:Drivers/CMSIS/Include/cmsis_gcc.h ****   __PACKED_STRUCT T_UINT32_READ { uint32_t v; };
 107:Drivers/CMSIS/Include/cmsis_gcc.h ****   #pragma GCC diagnostic pop
 108:Drivers/CMSIS/Include/cmsis_gcc.h ****   #define __UNALIGNED_UINT32_READ(addr)          (((const struct T_UINT32_READ *)(const void *)(add
 109:Drivers/CMSIS/Include/cmsis_gcc.h **** #endif
 110:Drivers/CMSIS/Include/cmsis_gcc.h **** #ifndef   __ALIGNED
 111:Drivers/CMSIS/Include/cmsis_gcc.h ****   #define __ALIGNED(x)                           __attribute__((aligned(x)))
 112:Drivers/CMSIS/Include/cmsis_gcc.h **** #endif
 113:Drivers/CMSIS/Include/cmsis_gcc.h **** #ifndef   __RESTRICT
 114:Drivers/CMSIS/Include/cmsis_gcc.h ****   #define __RESTRICT                             __restrict
 115:Drivers/CMSIS/Include/cmsis_gcc.h **** #endif
 116:Drivers/CMSIS/Include/cmsis_gcc.h **** 
 117:Drivers/CMSIS/Include/cmsis_gcc.h **** 
 118:Drivers/CMSIS/Include/cmsis_gcc.h **** /* ###########################  Core Function Access  ########################### */
 119:Drivers/CMSIS/Include/cmsis_gcc.h **** /** \ingroup  CMSIS_Core_FunctionInterface
 120:Drivers/CMSIS/Include/cmsis_gcc.h ****     \defgroup CMSIS_Core_RegAccFunctions CMSIS Core Register Access Functions
 121:Drivers/CMSIS/Include/cmsis_gcc.h ****   @{
 122:Drivers/CMSIS/Include/cmsis_gcc.h ****  */
 123:Drivers/CMSIS/Include/cmsis_gcc.h **** 
 124:Drivers/CMSIS/Include/cmsis_gcc.h **** /**
 125:Drivers/CMSIS/Include/cmsis_gcc.h ****   \brief   Enable IRQ Interrupts
 126:Drivers/CMSIS/Include/cmsis_gcc.h ****   \details Enables IRQ interrupts by clearing the I-bit in the CPSR.
 127:Drivers/CMSIS/Include/cmsis_gcc.h ****            Can only be executed in Privileged modes.
 128:Drivers/CMSIS/Include/cmsis_gcc.h ****  */
 129:Drivers/CMSIS/Include/cmsis_gcc.h **** __STATIC_FORCEINLINE void __enable_irq(void)
 130:Drivers/CMSIS/Include/cmsis_gcc.h **** {
 131:Drivers/CMSIS/Include/cmsis_gcc.h ****   __ASM volatile ("cpsie i" : : : "memory");
 132:Drivers/CMSIS/Include/cmsis_gcc.h **** }
 133:Drivers/CMSIS/Include/cmsis_gcc.h **** 
 134:Drivers/CMSIS/Include/cmsis_gcc.h **** 
 135:Drivers/CMSIS/Include/cmsis_gcc.h **** /**
 136:Drivers/CMSIS/Include/cmsis_gcc.h ****   \brief   Disable IRQ Interrupts
 137:Drivers/CMSIS/Include/cmsis_gcc.h ****   \details Disables IRQ interrupts by setting the I-bit in the CPSR.
 138:Drivers/CMSIS/Include/cmsis_gcc.h ****            Can only be executed in Privileged modes.
 139:Drivers/CMSIS/Include/cmsis_gcc.h ****  */
 140:Drivers/CMSIS/Include/cmsis_gcc.h **** __STATIC_FORCEINLINE void __disable_irq(void)
 427              		.loc 2 140 27 view .LVU102
 428              	.LBB9:
 141:Drivers/CMSIS/Include/cmsis_gcc.h **** {
 142:Drivers/CMSIS/Include/cmsis_gcc.h ****   __ASM volatile ("cpsid i" : : : "memory");
 429              		.loc 2 142 3 view .LVU103
 430              		.syntax unified
 431              	@ 142 "Drivers/CMSIS/Include/cmsis_gcc.h" 1
 432 0000 72B6     		cpsid i
 433              	@ 0 "" 2
 434              		.thumb
 435              		.syntax unified
 436              	.L24:
 437              	.LBE9:
 438              	.LBE8:
 347:Core/Src/main.c ****   while (1)
 439              		.loc 1 347 3 discriminator 1 view .LVU104
 348:Core/Src/main.c ****   {
 349:Core/Src/main.c ****   }
 440              		.loc 1 349 3 discriminator 1 view .LVU105
 347:Core/Src/main.c ****   while (1)
 441              		.loc 1 347 9 discriminator 1 view .LVU106
 442 0002 FEE7     		b	.L24
ARM GAS  C:\Users\hasee\AppData\Local\Temp\ccJy0alN.s 			page 18


 443              		.cfi_endproc
 444              	.LFE72:
 446              		.section	.text.MX_USART1_UART_Init,"ax",%progbits
 447              		.align	1
 448              		.syntax unified
 449              		.thumb
 450              		.thumb_func
 452              	MX_USART1_UART_Init:
 453              	.LFB70:
 260:Core/Src/main.c **** 
 454              		.loc 1 260 1 view -0
 455              		.cfi_startproc
 456              		@ args = 0, pretend = 0, frame = 0
 457              		@ frame_needed = 0, uses_anonymous_args = 0
 458 0000 08B5     		push	{r3, lr}
 459              	.LCFI5:
 460              		.cfi_def_cfa_offset 8
 461              		.cfi_offset 3, -8
 462              		.cfi_offset 14, -4
 269:Core/Src/main.c ****   huart1.Init.BaudRate = 115200;
 463              		.loc 1 269 3 view .LVU108
 269:Core/Src/main.c ****   huart1.Init.BaudRate = 115200;
 464              		.loc 1 269 19 is_stmt 0 view .LVU109
 465 0002 0A48     		ldr	r0, .L29
 466 0004 0A4B     		ldr	r3, .L29+4
 467 0006 0360     		str	r3, [r0]
 270:Core/Src/main.c ****   huart1.Init.WordLength = UART_WORDLENGTH_8B;
 468              		.loc 1 270 3 is_stmt 1 view .LVU110
 270:Core/Src/main.c ****   huart1.Init.WordLength = UART_WORDLENGTH_8B;
 469              		.loc 1 270 24 is_stmt 0 view .LVU111
 470 0008 4FF4E133 		mov	r3, #115200
 471 000c 4360     		str	r3, [r0, #4]
 271:Core/Src/main.c ****   huart1.Init.StopBits = UART_STOPBITS_1;
 472              		.loc 1 271 3 is_stmt 1 view .LVU112
 271:Core/Src/main.c ****   huart1.Init.StopBits = UART_STOPBITS_1;
 473              		.loc 1 271 26 is_stmt 0 view .LVU113
 474 000e 0023     		movs	r3, #0
 475 0010 8360     		str	r3, [r0, #8]
 272:Core/Src/main.c ****   huart1.Init.Parity = UART_PARITY_NONE;
 476              		.loc 1 272 3 is_stmt 1 view .LVU114
 272:Core/Src/main.c ****   huart1.Init.Parity = UART_PARITY_NONE;
 477              		.loc 1 272 24 is_stmt 0 view .LVU115
 478 0012 C360     		str	r3, [r0, #12]
 273:Core/Src/main.c ****   huart1.Init.Mode = UART_MODE_TX_RX;
 479              		.loc 1 273 3 is_stmt 1 view .LVU116
 273:Core/Src/main.c ****   huart1.Init.Mode = UART_MODE_TX_RX;
 480              		.loc 1 273 22 is_stmt 0 view .LVU117
 481 0014 0361     		str	r3, [r0, #16]
 274:Core/Src/main.c ****   huart1.Init.HwFlowCtl = UART_HWCONTROL_NONE;
 482              		.loc 1 274 3 is_stmt 1 view .LVU118
 274:Core/Src/main.c ****   huart1.Init.HwFlowCtl = UART_HWCONTROL_NONE;
 483              		.loc 1 274 20 is_stmt 0 view .LVU119
 484 0016 0C22     		movs	r2, #12
 485 0018 4261     		str	r2, [r0, #20]
 275:Core/Src/main.c ****   huart1.Init.OverSampling = UART_OVERSAMPLING_16;
 486              		.loc 1 275 3 is_stmt 1 view .LVU120
 275:Core/Src/main.c ****   huart1.Init.OverSampling = UART_OVERSAMPLING_16;
ARM GAS  C:\Users\hasee\AppData\Local\Temp\ccJy0alN.s 			page 19


 487              		.loc 1 275 25 is_stmt 0 view .LVU121
 488 001a 8361     		str	r3, [r0, #24]
 276:Core/Src/main.c ****   if (HAL_UART_Init(&huart1) != HAL_OK)
 489              		.loc 1 276 3 is_stmt 1 view .LVU122
 276:Core/Src/main.c ****   if (HAL_UART_Init(&huart1) != HAL_OK)
 490              		.loc 1 276 28 is_stmt 0 view .LVU123
 491 001c C361     		str	r3, [r0, #28]
 277:Core/Src/main.c ****   {
 492              		.loc 1 277 3 is_stmt 1 view .LVU124
 277:Core/Src/main.c ****   {
 493              		.loc 1 277 7 is_stmt 0 view .LVU125
 494 001e FFF7FEFF 		bl	HAL_UART_Init
 495              	.LVL36:
 277:Core/Src/main.c ****   {
 496              		.loc 1 277 6 view .LVU126
 497 0022 00B9     		cbnz	r0, .L28
 285:Core/Src/main.c **** 
 498              		.loc 1 285 1 view .LVU127
 499 0024 08BD     		pop	{r3, pc}
 500              	.L28:
 279:Core/Src/main.c ****   }
 501              		.loc 1 279 5 is_stmt 1 view .LVU128
 502 0026 FFF7FEFF 		bl	Error_Handler
 503              	.LVL37:
 504              	.L30:
 505 002a 00BF     		.align	2
 506              	.L29:
 507 002c 00000000 		.word	.LANCHOR0
 508 0030 00380140 		.word	1073821696
 509              		.cfi_endproc
 510              	.LFE70:
 512              		.section	.text.MX_TIM2_Init,"ax",%progbits
 513              		.align	1
 514              		.syntax unified
 515              		.thumb
 516              		.thumb_func
 518              	MX_TIM2_Init:
 519              	.LFB69:
 215:Core/Src/main.c **** 
 520              		.loc 1 215 1 view -0
 521              		.cfi_startproc
 522              		@ args = 0, pretend = 0, frame = 24
 523              		@ frame_needed = 0, uses_anonymous_args = 0
 524 0000 00B5     		push	{lr}
 525              	.LCFI6:
 526              		.cfi_def_cfa_offset 4
 527              		.cfi_offset 14, -4
 528 0002 87B0     		sub	sp, sp, #28
 529              	.LCFI7:
 530              		.cfi_def_cfa_offset 32
 221:Core/Src/main.c ****   TIM_MasterConfigTypeDef sMasterConfig = {0};
 531              		.loc 1 221 3 view .LVU130
 221:Core/Src/main.c ****   TIM_MasterConfigTypeDef sMasterConfig = {0};
 532              		.loc 1 221 26 is_stmt 0 view .LVU131
 533 0004 0023     		movs	r3, #0
 534 0006 0293     		str	r3, [sp, #8]
 535 0008 0393     		str	r3, [sp, #12]
ARM GAS  C:\Users\hasee\AppData\Local\Temp\ccJy0alN.s 			page 20


 536 000a 0493     		str	r3, [sp, #16]
 537 000c 0593     		str	r3, [sp, #20]
 222:Core/Src/main.c **** 
 538              		.loc 1 222 3 is_stmt 1 view .LVU132
 222:Core/Src/main.c **** 
 539              		.loc 1 222 27 is_stmt 0 view .LVU133
 540 000e 0093     		str	r3, [sp]
 541 0010 0193     		str	r3, [sp, #4]
 227:Core/Src/main.c ****   htim2.Init.Prescaler = 7199;
 542              		.loc 1 227 3 is_stmt 1 view .LVU134
 227:Core/Src/main.c ****   htim2.Init.Prescaler = 7199;
 543              		.loc 1 227 18 is_stmt 0 view .LVU135
 544 0012 1548     		ldr	r0, .L39
 545 0014 4FF08042 		mov	r2, #1073741824
 546 0018 0260     		str	r2, [r0]
 228:Core/Src/main.c ****   htim2.Init.CounterMode = TIM_COUNTERMODE_UP;
 547              		.loc 1 228 3 is_stmt 1 view .LVU136
 228:Core/Src/main.c ****   htim2.Init.CounterMode = TIM_COUNTERMODE_UP;
 548              		.loc 1 228 24 is_stmt 0 view .LVU137
 549 001a 41F61F42 		movw	r2, #7199
 550 001e 4260     		str	r2, [r0, #4]
 229:Core/Src/main.c ****   htim2.Init.Period = 4999;
 551              		.loc 1 229 3 is_stmt 1 view .LVU138
 229:Core/Src/main.c ****   htim2.Init.Period = 4999;
 552              		.loc 1 229 26 is_stmt 0 view .LVU139
 553 0020 8360     		str	r3, [r0, #8]
 230:Core/Src/main.c ****   htim2.Init.ClockDivision = TIM_CLOCKDIVISION_DIV1;
 554              		.loc 1 230 3 is_stmt 1 view .LVU140
 230:Core/Src/main.c ****   htim2.Init.ClockDivision = TIM_CLOCKDIVISION_DIV1;
 555              		.loc 1 230 21 is_stmt 0 view .LVU141
 556 0022 41F28732 		movw	r2, #4999
 557 0026 C260     		str	r2, [r0, #12]
 231:Core/Src/main.c ****   htim2.Init.AutoReloadPreload = TIM_AUTORELOAD_PRELOAD_ENABLE;
 558              		.loc 1 231 3 is_stmt 1 view .LVU142
 231:Core/Src/main.c ****   htim2.Init.AutoReloadPreload = TIM_AUTORELOAD_PRELOAD_ENABLE;
 559              		.loc 1 231 28 is_stmt 0 view .LVU143
 560 0028 0361     		str	r3, [r0, #16]
 232:Core/Src/main.c ****   if (HAL_TIM_Base_Init(&htim2) != HAL_OK)
 561              		.loc 1 232 3 is_stmt 1 view .LVU144
 232:Core/Src/main.c ****   if (HAL_TIM_Base_Init(&htim2) != HAL_OK)
 562              		.loc 1 232 32 is_stmt 0 view .LVU145
 563 002a 8023     		movs	r3, #128
 564 002c 8361     		str	r3, [r0, #24]
 233:Core/Src/main.c ****   {
 565              		.loc 1 233 3 is_stmt 1 view .LVU146
 233:Core/Src/main.c ****   {
 566              		.loc 1 233 7 is_stmt 0 view .LVU147
 567 002e FFF7FEFF 		bl	HAL_TIM_Base_Init
 568              	.LVL38:
 233:Core/Src/main.c ****   {
 569              		.loc 1 233 6 view .LVU148
 570 0032 90B9     		cbnz	r0, .L36
 237:Core/Src/main.c ****   if (HAL_TIM_ConfigClockSource(&htim2, &sClockSourceConfig) != HAL_OK)
 571              		.loc 1 237 3 is_stmt 1 view .LVU149
 237:Core/Src/main.c ****   if (HAL_TIM_ConfigClockSource(&htim2, &sClockSourceConfig) != HAL_OK)
 572              		.loc 1 237 34 is_stmt 0 view .LVU150
 573 0034 4FF48053 		mov	r3, #4096
ARM GAS  C:\Users\hasee\AppData\Local\Temp\ccJy0alN.s 			page 21


 574 0038 0293     		str	r3, [sp, #8]
 238:Core/Src/main.c ****   {
 575              		.loc 1 238 3 is_stmt 1 view .LVU151
 238:Core/Src/main.c ****   {
 576              		.loc 1 238 7 is_stmt 0 view .LVU152
 577 003a 02A9     		add	r1, sp, #8
 578 003c 0A48     		ldr	r0, .L39
 579 003e FFF7FEFF 		bl	HAL_TIM_ConfigClockSource
 580              	.LVL39:
 238:Core/Src/main.c ****   {
 581              		.loc 1 238 6 view .LVU153
 582 0042 60B9     		cbnz	r0, .L37
 242:Core/Src/main.c ****   sMasterConfig.MasterSlaveMode = TIM_MASTERSLAVEMODE_DISABLE;
 583              		.loc 1 242 3 is_stmt 1 view .LVU154
 242:Core/Src/main.c ****   sMasterConfig.MasterSlaveMode = TIM_MASTERSLAVEMODE_DISABLE;
 584              		.loc 1 242 37 is_stmt 0 view .LVU155
 585 0044 0023     		movs	r3, #0
 586 0046 0093     		str	r3, [sp]
 243:Core/Src/main.c ****   if (HAL_TIMEx_MasterConfigSynchronization(&htim2, &sMasterConfig) != HAL_OK)
 587              		.loc 1 243 3 is_stmt 1 view .LVU156
 243:Core/Src/main.c ****   if (HAL_TIMEx_MasterConfigSynchronization(&htim2, &sMasterConfig) != HAL_OK)
 588              		.loc 1 243 33 is_stmt 0 view .LVU157
 589 0048 0193     		str	r3, [sp, #4]
 244:Core/Src/main.c ****   {
 590              		.loc 1 244 3 is_stmt 1 view .LVU158
 244:Core/Src/main.c ****   {
 591              		.loc 1 244 7 is_stmt 0 view .LVU159
 592 004a 6946     		mov	r1, sp
 593 004c 0648     		ldr	r0, .L39
 594 004e FFF7FEFF 		bl	HAL_TIMEx_MasterConfigSynchronization
 595              	.LVL40:
 244:Core/Src/main.c ****   {
 596              		.loc 1 244 6 view .LVU160
 597 0052 30B9     		cbnz	r0, .L38
 252:Core/Src/main.c **** 
 598              		.loc 1 252 1 view .LVU161
 599 0054 07B0     		add	sp, sp, #28
 600              	.LCFI8:
 601              		.cfi_remember_state
 602              		.cfi_def_cfa_offset 4
 603              		@ sp needed
 604 0056 5DF804FB 		ldr	pc, [sp], #4
 605              	.L36:
 606              	.LCFI9:
 607              		.cfi_restore_state
 235:Core/Src/main.c ****   }
 608              		.loc 1 235 5 is_stmt 1 view .LVU162
 609 005a FFF7FEFF 		bl	Error_Handler
 610              	.LVL41:
 611              	.L37:
 240:Core/Src/main.c ****   }
 612              		.loc 1 240 5 view .LVU163
 613 005e FFF7FEFF 		bl	Error_Handler
 614              	.LVL42:
 615              	.L38:
 246:Core/Src/main.c ****   }
 616              		.loc 1 246 5 view .LVU164
ARM GAS  C:\Users\hasee\AppData\Local\Temp\ccJy0alN.s 			page 22


 617 0062 FFF7FEFF 		bl	Error_Handler
 618              	.LVL43:
 619              	.L40:
 620 0066 00BF     		.align	2
 621              	.L39:
 622 0068 00000000 		.word	.LANCHOR1
 623              		.cfi_endproc
 624              	.LFE69:
 626              		.section	.text.SystemClock_Config,"ax",%progbits
 627              		.align	1
 628              		.global	SystemClock_Config
 629              		.syntax unified
 630              		.thumb
 631              		.thumb_func
 633              	SystemClock_Config:
 634              	.LFB68:
 171:Core/Src/main.c ****   RCC_OscInitTypeDef RCC_OscInitStruct = {0};
 635              		.loc 1 171 1 view -0
 636              		.cfi_startproc
 637              		@ args = 0, pretend = 0, frame = 64
 638              		@ frame_needed = 0, uses_anonymous_args = 0
 639 0000 00B5     		push	{lr}
 640              	.LCFI10:
 641              		.cfi_def_cfa_offset 4
 642              		.cfi_offset 14, -4
 643 0002 91B0     		sub	sp, sp, #68
 644              	.LCFI11:
 645              		.cfi_def_cfa_offset 72
 172:Core/Src/main.c ****   RCC_ClkInitTypeDef RCC_ClkInitStruct = {0};
 646              		.loc 1 172 3 view .LVU166
 172:Core/Src/main.c ****   RCC_ClkInitTypeDef RCC_ClkInitStruct = {0};
 647              		.loc 1 172 22 is_stmt 0 view .LVU167
 648 0004 2822     		movs	r2, #40
 649 0006 0021     		movs	r1, #0
 650 0008 06A8     		add	r0, sp, #24
 651 000a FFF7FEFF 		bl	memset
 652              	.LVL44:
 173:Core/Src/main.c **** 
 653              		.loc 1 173 3 is_stmt 1 view .LVU168
 173:Core/Src/main.c **** 
 654              		.loc 1 173 22 is_stmt 0 view .LVU169
 655 000e 0023     		movs	r3, #0
 656 0010 0193     		str	r3, [sp, #4]
 657 0012 0293     		str	r3, [sp, #8]
 658 0014 0393     		str	r3, [sp, #12]
 659 0016 0493     		str	r3, [sp, #16]
 660 0018 0593     		str	r3, [sp, #20]
 178:Core/Src/main.c ****   RCC_OscInitStruct.HSEState = RCC_HSE_ON;
 661              		.loc 1 178 3 is_stmt 1 view .LVU170
 178:Core/Src/main.c ****   RCC_OscInitStruct.HSEState = RCC_HSE_ON;
 662              		.loc 1 178 36 is_stmt 0 view .LVU171
 663 001a 0122     		movs	r2, #1
 664 001c 0692     		str	r2, [sp, #24]
 179:Core/Src/main.c ****   RCC_OscInitStruct.HSEPredivValue = RCC_HSE_PREDIV_DIV1;
 665              		.loc 1 179 3 is_stmt 1 view .LVU172
 179:Core/Src/main.c ****   RCC_OscInitStruct.HSEPredivValue = RCC_HSE_PREDIV_DIV1;
 666              		.loc 1 179 30 is_stmt 0 view .LVU173
ARM GAS  C:\Users\hasee\AppData\Local\Temp\ccJy0alN.s 			page 23


 667 001e 4FF48033 		mov	r3, #65536
 668 0022 0793     		str	r3, [sp, #28]
 180:Core/Src/main.c ****   RCC_OscInitStruct.HSIState = RCC_HSI_ON;
 669              		.loc 1 180 3 is_stmt 1 view .LVU174
 181:Core/Src/main.c ****   RCC_OscInitStruct.PLL.PLLState = RCC_PLL_ON;
 670              		.loc 1 181 3 view .LVU175
 181:Core/Src/main.c ****   RCC_OscInitStruct.PLL.PLLState = RCC_PLL_ON;
 671              		.loc 1 181 30 is_stmt 0 view .LVU176
 672 0024 0A92     		str	r2, [sp, #40]
 182:Core/Src/main.c ****   RCC_OscInitStruct.PLL.PLLSource = RCC_PLLSOURCE_HSE;
 673              		.loc 1 182 3 is_stmt 1 view .LVU177
 182:Core/Src/main.c ****   RCC_OscInitStruct.PLL.PLLSource = RCC_PLLSOURCE_HSE;
 674              		.loc 1 182 34 is_stmt 0 view .LVU178
 675 0026 0222     		movs	r2, #2
 676 0028 0D92     		str	r2, [sp, #52]
 183:Core/Src/main.c ****   RCC_OscInitStruct.PLL.PLLMUL = RCC_PLL_MUL9;
 677              		.loc 1 183 3 is_stmt 1 view .LVU179
 183:Core/Src/main.c ****   RCC_OscInitStruct.PLL.PLLMUL = RCC_PLL_MUL9;
 678              		.loc 1 183 35 is_stmt 0 view .LVU180
 679 002a 0E93     		str	r3, [sp, #56]
 184:Core/Src/main.c ****   if (HAL_RCC_OscConfig(&RCC_OscInitStruct) != HAL_OK)
 680              		.loc 1 184 3 is_stmt 1 view .LVU181
 184:Core/Src/main.c ****   if (HAL_RCC_OscConfig(&RCC_OscInitStruct) != HAL_OK)
 681              		.loc 1 184 32 is_stmt 0 view .LVU182
 682 002c 4FF4E013 		mov	r3, #1835008
 683 0030 0F93     		str	r3, [sp, #60]
 185:Core/Src/main.c ****   {
 684              		.loc 1 185 3 is_stmt 1 view .LVU183
 185:Core/Src/main.c ****   {
 685              		.loc 1 185 7 is_stmt 0 view .LVU184
 686 0032 06A8     		add	r0, sp, #24
 687 0034 FFF7FEFF 		bl	HAL_RCC_OscConfig
 688              	.LVL45:
 185:Core/Src/main.c ****   {
 689              		.loc 1 185 6 view .LVU185
 690 0038 90B9     		cbnz	r0, .L45
 192:Core/Src/main.c ****                               |RCC_CLOCKTYPE_PCLK1|RCC_CLOCKTYPE_PCLK2;
 691              		.loc 1 192 3 is_stmt 1 view .LVU186
 192:Core/Src/main.c ****                               |RCC_CLOCKTYPE_PCLK1|RCC_CLOCKTYPE_PCLK2;
 692              		.loc 1 192 31 is_stmt 0 view .LVU187
 693 003a 0F23     		movs	r3, #15
 694 003c 0193     		str	r3, [sp, #4]
 194:Core/Src/main.c ****   RCC_ClkInitStruct.AHBCLKDivider = RCC_SYSCLK_DIV1;
 695              		.loc 1 194 3 is_stmt 1 view .LVU188
 194:Core/Src/main.c ****   RCC_ClkInitStruct.AHBCLKDivider = RCC_SYSCLK_DIV1;
 696              		.loc 1 194 34 is_stmt 0 view .LVU189
 697 003e 0221     		movs	r1, #2
 698 0040 0291     		str	r1, [sp, #8]
 195:Core/Src/main.c ****   RCC_ClkInitStruct.APB1CLKDivider = RCC_HCLK_DIV2;
 699              		.loc 1 195 3 is_stmt 1 view .LVU190
 195:Core/Src/main.c ****   RCC_ClkInitStruct.APB1CLKDivider = RCC_HCLK_DIV2;
 700              		.loc 1 195 35 is_stmt 0 view .LVU191
 701 0042 0023     		movs	r3, #0
 702 0044 0393     		str	r3, [sp, #12]
 196:Core/Src/main.c ****   RCC_ClkInitStruct.APB2CLKDivider = RCC_HCLK_DIV1;
 703              		.loc 1 196 3 is_stmt 1 view .LVU192
 196:Core/Src/main.c ****   RCC_ClkInitStruct.APB2CLKDivider = RCC_HCLK_DIV1;
ARM GAS  C:\Users\hasee\AppData\Local\Temp\ccJy0alN.s 			page 24


 704              		.loc 1 196 36 is_stmt 0 view .LVU193
 705 0046 4FF48062 		mov	r2, #1024
 706 004a 0492     		str	r2, [sp, #16]
 197:Core/Src/main.c **** 
 707              		.loc 1 197 3 is_stmt 1 view .LVU194
 197:Core/Src/main.c **** 
 708              		.loc 1 197 36 is_stmt 0 view .LVU195
 709 004c 0593     		str	r3, [sp, #20]
 199:Core/Src/main.c ****   {
 710              		.loc 1 199 3 is_stmt 1 view .LVU196
 199:Core/Src/main.c ****   {
 711              		.loc 1 199 7 is_stmt 0 view .LVU197
 712 004e 01A8     		add	r0, sp, #4
 713 0050 FFF7FEFF 		bl	HAL_RCC_ClockConfig
 714              	.LVL46:
 199:Core/Src/main.c ****   {
 715              		.loc 1 199 6 view .LVU198
 716 0054 30B9     		cbnz	r0, .L46
 206:Core/Src/main.c **** }
 717              		.loc 1 206 3 is_stmt 1 view .LVU199
 718 0056 FFF7FEFF 		bl	HAL_RCC_EnableCSS
 719              	.LVL47:
 207:Core/Src/main.c **** 
 720              		.loc 1 207 1 is_stmt 0 view .LVU200
 721 005a 11B0     		add	sp, sp, #68
 722              	.LCFI12:
 723              		.cfi_remember_state
 724              		.cfi_def_cfa_offset 4
 725              		@ sp needed
 726 005c 5DF804FB 		ldr	pc, [sp], #4
 727              	.L45:
 728              	.LCFI13:
 729              		.cfi_restore_state
 187:Core/Src/main.c ****   }
 730              		.loc 1 187 5 is_stmt 1 view .LVU201
 731 0060 FFF7FEFF 		bl	Error_Handler
 732              	.LVL48:
 733              	.L46:
 201:Core/Src/main.c ****   }
 734              		.loc 1 201 5 view .LVU202
 735 0064 FFF7FEFF 		bl	Error_Handler
 736              	.LVL49:
 737              		.cfi_endproc
 738              	.LFE68:
 740              		.section	.text.main,"ax",%progbits
 741              		.align	1
 742              		.global	main
 743              		.syntax unified
 744              		.thumb
 745              		.thumb_func
 747              	main:
 748              	.LFB67:
 108:Core/Src/main.c ****   /* USER CODE BEGIN 1 */
 749              		.loc 1 108 1 view -0
 750              		.cfi_startproc
 751              		@ Volatile: function does not return.
 752              		@ args = 0, pretend = 0, frame = 0
ARM GAS  C:\Users\hasee\AppData\Local\Temp\ccJy0alN.s 			page 25


 753              		@ frame_needed = 0, uses_anonymous_args = 0
 754 0000 08B5     		push	{r3, lr}
 755              	.LCFI14:
 756              		.cfi_def_cfa_offset 8
 757              		.cfi_offset 3, -8
 758              		.cfi_offset 14, -4
 116:Core/Src/main.c **** 
 759              		.loc 1 116 3 view .LVU204
 760 0002 FFF7FEFF 		bl	HAL_Init
 761              	.LVL50:
 123:Core/Src/main.c **** 
 762              		.loc 1 123 3 view .LVU205
 763 0006 FFF7FEFF 		bl	SystemClock_Config
 764              	.LVL51:
 130:Core/Src/main.c ****   MX_USART1_UART_Init();
 765              		.loc 1 130 3 view .LVU206
 766 000a FFF7FEFF 		bl	MX_GPIO_Init
 767              	.LVL52:
 131:Core/Src/main.c ****   MX_TIM2_Init();
 768              		.loc 1 131 3 view .LVU207
 769 000e FFF7FEFF 		bl	MX_USART1_UART_Init
 770              	.LVL53:
 132:Core/Src/main.c ****   /* USER CODE BEGIN 2 */
 771              		.loc 1 132 3 view .LVU208
 772 0012 FFF7FEFF 		bl	MX_TIM2_Init
 773              	.LVL54:
 134:Core/Src/main.c ****   /* USER CODE END 2 */
 774              		.loc 1 134 3 view .LVU209
 775 0016 0248     		ldr	r0, .L50
 776 0018 FFF7FEFF 		bl	HAL_TIM_Base_Start_IT
 777              	.LVL55:
 778              	.L48:
 148:Core/Src/main.c ****   {
 779              		.loc 1 148 3 discriminator 1 view .LVU210
 158:Core/Src/main.c ****     /* USER CODE END WHILE */
 780              		.loc 1 158 3 discriminator 1 view .LVU211
 148:Core/Src/main.c ****   {
 781              		.loc 1 148 9 discriminator 1 view .LVU212
 782 001c FEE7     		b	.L48
 783              	.L51:
 784 001e 00BF     		.align	2
 785              	.L50:
 786 0020 00000000 		.word	.LANCHOR1
 787              		.cfi_endproc
 788              	.LFE67:
 790              		.global	huart1
 791              		.global	htim2
 792              		.section	.bss.htim2,"aw",%nobits
 793              		.align	2
 794              		.set	.LANCHOR1,. + 0
 797              	htim2:
 798 0000 00000000 		.space	72
 798      00000000 
 798      00000000 
 798      00000000 
 798      00000000 
 799              		.section	.bss.huart1,"aw",%nobits
ARM GAS  C:\Users\hasee\AppData\Local\Temp\ccJy0alN.s 			page 26


 800              		.align	2
 801              		.set	.LANCHOR0,. + 0
 804              	huart1:
 805 0000 00000000 		.space	68
 805      00000000 
 805      00000000 
 805      00000000 
 805      00000000 
 806              		.text
 807              	.Letext0:
 808              		.file 3 "c:\\program files (x86)\\gnu arm embedded toolchain\\10 2021.10\\arm-none-eabi\\include\\
 809              		.file 4 "c:\\program files (x86)\\gnu arm embedded toolchain\\10 2021.10\\arm-none-eabi\\include\\
 810              		.file 5 "Drivers/CMSIS/Device/ST/STM32F1xx/Include/stm32f103xb.h"
 811              		.file 6 "Drivers/STM32F1xx_HAL_Driver/Inc/stm32f1xx_hal_def.h"
 812              		.file 7 "Drivers/STM32F1xx_HAL_Driver/Inc/stm32f1xx_hal_rcc.h"
 813              		.file 8 "Drivers/STM32F1xx_HAL_Driver/Inc/stm32f1xx_hal_rcc_ex.h"
 814              		.file 9 "Drivers/STM32F1xx_HAL_Driver/Inc/stm32f1xx_hal_gpio.h"
 815              		.file 10 "Drivers/STM32F1xx_HAL_Driver/Inc/stm32f1xx_hal_dma.h"
 816              		.file 11 "Drivers/STM32F1xx_HAL_Driver/Inc/stm32f1xx_hal_tim.h"
 817              		.file 12 "Drivers/STM32F1xx_HAL_Driver/Inc/stm32f1xx_hal_uart.h"
 818              		.file 13 "Drivers/STM32F1xx_HAL_Driver/Inc/stm32f1xx_hal_tim_ex.h"
 819              		.file 14 "Drivers/STM32F1xx_HAL_Driver/Inc/stm32f1xx_hal.h"
 820              		.file 15 "<built-in>"
ARM GAS  C:\Users\hasee\AppData\Local\Temp\ccJy0alN.s 			page 27


DEFINED SYMBOLS
                            *ABS*:00000000 main.c
C:\Users\hasee\AppData\Local\Temp\ccJy0alN.s:18     .text.MX_GPIO_Init:00000000 $t
C:\Users\hasee\AppData\Local\Temp\ccJy0alN.s:23     .text.MX_GPIO_Init:00000000 MX_GPIO_Init
C:\Users\hasee\AppData\Local\Temp\ccJy0alN.s:197    .text.MX_GPIO_Init:000000cc $d
C:\Users\hasee\AppData\Local\Temp\ccJy0alN.s:205    .text.HAL_TIM_PeriodElapsedCallback:00000000 $t
C:\Users\hasee\AppData\Local\Temp\ccJy0alN.s:211    .text.HAL_TIM_PeriodElapsedCallback:00000000 HAL_TIM_PeriodElapsedCallback
C:\Users\hasee\AppData\Local\Temp\ccJy0alN.s:248    .text.HAL_TIM_PeriodElapsedCallback:00000018 $d
C:\Users\hasee\AppData\Local\Temp\ccJy0alN.s:253    .text.Car_Run:00000000 $t
C:\Users\hasee\AppData\Local\Temp\ccJy0alN.s:259    .text.Car_Run:00000000 Car_Run
C:\Users\hasee\AppData\Local\Temp\ccJy0alN.s:404    .text.Car_Run:000000b8 $d
C:\Users\hasee\AppData\Local\Temp\ccJy0alN.s:409    .text.Error_Handler:00000000 $t
C:\Users\hasee\AppData\Local\Temp\ccJy0alN.s:415    .text.Error_Handler:00000000 Error_Handler
C:\Users\hasee\AppData\Local\Temp\ccJy0alN.s:447    .text.MX_USART1_UART_Init:00000000 $t
C:\Users\hasee\AppData\Local\Temp\ccJy0alN.s:452    .text.MX_USART1_UART_Init:00000000 MX_USART1_UART_Init
C:\Users\hasee\AppData\Local\Temp\ccJy0alN.s:507    .text.MX_USART1_UART_Init:0000002c $d
C:\Users\hasee\AppData\Local\Temp\ccJy0alN.s:513    .text.MX_TIM2_Init:00000000 $t
C:\Users\hasee\AppData\Local\Temp\ccJy0alN.s:518    .text.MX_TIM2_Init:00000000 MX_TIM2_Init
C:\Users\hasee\AppData\Local\Temp\ccJy0alN.s:622    .text.MX_TIM2_Init:00000068 $d
C:\Users\hasee\AppData\Local\Temp\ccJy0alN.s:627    .text.SystemClock_Config:00000000 $t
C:\Users\hasee\AppData\Local\Temp\ccJy0alN.s:633    .text.SystemClock_Config:00000000 SystemClock_Config
C:\Users\hasee\AppData\Local\Temp\ccJy0alN.s:741    .text.main:00000000 $t
C:\Users\hasee\AppData\Local\Temp\ccJy0alN.s:747    .text.main:00000000 main
C:\Users\hasee\AppData\Local\Temp\ccJy0alN.s:786    .text.main:00000020 $d
C:\Users\hasee\AppData\Local\Temp\ccJy0alN.s:804    .bss.huart1:00000000 huart1
C:\Users\hasee\AppData\Local\Temp\ccJy0alN.s:797    .bss.htim2:00000000 htim2
C:\Users\hasee\AppData\Local\Temp\ccJy0alN.s:793    .bss.htim2:00000000 $d
C:\Users\hasee\AppData\Local\Temp\ccJy0alN.s:800    .bss.huart1:00000000 $d

UNDEFINED SYMBOLS
HAL_GPIO_WritePin
HAL_GPIO_Init
HAL_GPIO_TogglePin
HAL_UART_Init
HAL_TIM_Base_Init
HAL_TIM_ConfigClockSource
HAL_TIMEx_MasterConfigSynchronization
memset
HAL_RCC_OscConfig
HAL_RCC_ClockConfig
HAL_RCC_EnableCSS
HAL_Init
HAL_TIM_Base_Start_IT
